[20:09:24] [ServerMain/INFO]: [bootstrap] Running Java 21 (OpenJDK 64-Bit Server VM 21.0.7+6-Ubuntu-0ubuntu120.04; Ubuntu null) on Linux 6.8.0-1027-azure (amd64)
[20:09:24] [ServerMain/INFO]: [bootstrap] Loading Paper 1.21.4-231-ver/1.21.4@09e9afd (2025-05-19T17:59:36Z) for Minecraft 1.21.4
[20:09:24] [ServerMain/INFO]: [PluginInitializerManager] Initializing plugins...
[20:09:24] [ServerMain/INFO]: [PluginInitializerManager] Initialized 0 plugins
[20:09:25] [Paper Plugin Remapper Thread - 1/INFO]: [ReobfServer] Remapping server...
[20:09:31] [ServerMain/INFO]: Environment: Environment[sessionHost=https://sessionserver.mojang.com, servicesHost=https://api.minecraftservices.com, name=PROD]
[20:09:31] [ServerMain/INFO]: Found new data pack file/bukkit, loading it automatically
[20:09:31] [ServerMain/INFO]: Found new data pack paper, loading it automatically
[20:09:33] [ServerMain/INFO]: No existing world data, creating new world
[20:09:33] [Paper Plugin Remapper Thread - 1/INFO]: [ReobfServer] Done remapping server in 8292ms.
[20:09:34] [ServerMain/INFO]: Loaded 1370 recipes
[20:09:34] [ServerMain/INFO]: Loaded 1481 advancements
[20:09:34] [ServerMain/INFO]: [MCTypeRegistry] Initialising converters for DataConverter...
[20:09:34] [ServerMain/INFO]: [MCTypeRegistry] Finished initialising converters for DataConverter in 249.1ms
[20:09:34] [Server thread/INFO]: Starting minecraft server version 1.21.4
[20:09:34] [Server thread/INFO]: Loading properties
[20:09:34] [Server thread/INFO]: This server is running Paper version 1.21.4-231-ver/1.21.4@09e9afd (2025-05-19T17:59:36Z) (Implementing API version 1.21.4-R0.1-SNAPSHOT)
[20:09:34] [Server thread/INFO]: [spark] This server bundles the spark profiler. For more information please visit https://docs.papermc.io/paper/profiling
[20:09:34] [Server thread/INFO]: Server Ping Player Sample Count: 12
[20:09:34] [Server thread/INFO]: Using 4 threads for Netty based IO
[20:09:35] [Server thread/INFO]: [MoonriseCommon] Paper is using 1 worker threads, 1 I/O threads
[20:09:35] [Server thread/INFO]: [ChunkTaskScheduler] Chunk system is using population gen parallelism: true
[20:09:35] [Server thread/INFO]: Default game type: SURVIVAL
[20:09:35] [Server thread/INFO]: Generating keypair
[20:09:35] [Server thread/INFO]: Starting Minecraft server on *:25565
[20:09:35] [Server thread/INFO]: Using epoll channel type
[20:09:35] [Server thread/INFO]: Paper: Using libdeflate (Linux x86_64) compression from Velocity.
[20:09:35] [Server thread/INFO]: Paper: Using OpenSSL 1.1.x (Linux x86_64) cipher from Velocity.
[20:09:35] [Server thread/WARN]: **** SERVER IS RUNNING IN OFFLINE/INSECURE MODE!
[20:09:35] [Server thread/WARN]: The server will make no attempt to authenticate usernames. Beware.
[20:09:35] [Server thread/WARN]: While this makes the game possible to play without internet access, it also opens up the ability for hackers to connect with any username they choose.
[20:09:35] [Server thread/WARN]: To change this, set "online-mode" to "true" in the server.properties file.
[20:09:35] [Server thread/INFO]: Preparing level "world"
[20:09:47] [Server thread/INFO]: Preparing start region for dimension minecraft:overworld
[20:09:47] [Server thread/INFO]: Preparing spawn area: 2%
[20:09:47] [Server thread/INFO]: Preparing spawn area: 2%
[20:09:48] [Server thread/INFO]: Preparing spawn area: 2%
[20:09:48] [Server thread/INFO]: Preparing spawn area: 4%
[20:09:49] [Server thread/INFO]: Preparing spawn area: 18%
[20:09:49] [Server thread/INFO]: Preparing spawn area: 18%
[20:09:50] [Server thread/INFO]: Preparing spawn area: 24%
[20:09:50] [Server thread/INFO]: Preparing spawn area: 32%
[20:09:51] [Server thread/INFO]: Preparing spawn area: 51%
[20:09:51] [Server thread/INFO]: Preparing spawn area: 61%
[20:09:52] [Server thread/INFO]: Preparing spawn area: 61%
[20:09:52] [Server thread/INFO]: Preparing spawn area: 61%
[20:09:53] [Server thread/INFO]: Preparing spawn area: 71%
[20:09:53] [Server thread/INFO]: Preparing spawn area: 71%
[20:09:53] [Server thread/INFO]: Time elapsed: 6579 ms
[20:09:53] [Server thread/INFO]: Preparing start region for dimension minecraft:the_nether
[20:09:53] [Server thread/INFO]: Preparing spawn area: 2%
[20:09:54] [Server thread/INFO]: Preparing spawn area: 2%
[20:09:54] [Server thread/INFO]: Preparing spawn area: 18%
[20:09:55] [Server thread/INFO]: Preparing spawn area: 51%
[20:09:55] [Server thread/INFO]: Time elapsed: 1873 ms
[20:09:55] [Server thread/INFO]: Preparing start region for dimension minecraft:the_end
[20:09:55] [Server thread/INFO]: Preparing spawn area: 2%
[20:09:56] [Server thread/INFO]: Preparing spawn area: 51%
[20:09:56] [Server thread/INFO]: Time elapsed: 579 ms
[20:09:56] [Server thread/INFO]: [spark] Starting background profiler...
[20:09:56] [Server thread/INFO]: Done preparing level "world" (20.924s)
[20:09:56] [Server thread/INFO]: Running delayed init tasks
[20:09:56] [Server thread/INFO]: Done (32.800s)! For help, type "help"
[20:09:56] [Server thread/INFO]: *************************************************************************************
[20:09:56] [Server thread/INFO]: This is the first time you're starting this server.
[20:09:56] [Server thread/INFO]: It's recommended you read our 'Getting Started' documentation for guidance.
[20:09:56] [Server thread/INFO]: View this and more helpful information here: https://docs.papermc.io/paper/next-steps
[20:09:56] [Server thread/INFO]: *************************************************************************************
[20:10:19] [Server thread/INFO]: Stopping the server
[20:10:19] [Server thread/INFO]: Stopping server
[20:10:19] [Server thread/INFO]: Saving players
[20:10:19] [Server thread/INFO]: Saving worlds
[20:10:19] [Server thread/INFO]: Saving chunks for level 'ServerLevel[world]'/minecraft:overworld
[20:10:19] [Server thread/INFO]: [ChunkHolderManager] Waiting 60s for chunk system to halt for world 'world'
[20:10:19] [Server thread/INFO]: [ChunkHolderManager] Halted chunk system for world 'world'
[20:10:19] [Server thread/INFO]: [ChunkHolderManager] Saving all chunkholders for world 'world'
[20:10:20] [Server thread/INFO]: [ChunkHolderManager] Saved 841 block chunks, 49 entity chunks, 0 poi chunks in world 'world' in 0.91s
[20:10:20] [Server thread/INFO]: [ChunkHolderManager] Waiting 60s for chunk I/O to halt for world 'world'
[20:10:20] [Server thread/INFO]: [ChunkHolderManager] Halted I/O scheduler for world 'world'
[20:10:20] [Server thread/INFO]: Saving chunks for level 'ServerLevel[world_nether]'/minecraft:the_nether
[20:10:20] [Server thread/INFO]: [ChunkHolderManager] Waiting 60s for chunk system to halt for world 'world_nether'
[20:10:20] [Server thread/INFO]: [ChunkHolderManager] Halted chunk system for world 'world_nether'
[20:10:20] [Server thread/INFO]: [ChunkHolderManager] Saving all chunkholders for world 'world_nether'
[20:10:20] [Server thread/INFO]: [ChunkHolderManager] Saved 841 block chunks, 49 entity chunks, 0 poi chunks in world 'world_nether' in 0.42s
[20:10:20] [Server thread/INFO]: [ChunkHolderManager] Waiting 60s for chunk I/O to halt for world 'world_nether'
[20:10:20] [Server thread/INFO]: [ChunkHolderManager] Halted I/O scheduler for world 'world_nether'
[20:10:20] [Server thread/INFO]: Saving chunks for level 'ServerLevel[world_the_end]'/minecraft:the_end
[20:10:20] [Server thread/INFO]: [ChunkHolderManager] Waiting 60s for chunk system to halt for world 'world_the_end'
[20:10:20] [Server thread/INFO]: [ChunkHolderManager] Halted chunk system for world 'world_the_end'
[20:10:20] [Server thread/INFO]: [ChunkHolderManager] Saving all chunkholders for world 'world_the_end'
[20:10:20] [Server thread/INFO]: [ChunkHolderManager] Saved 841 block chunks, 49 entity chunks, 0 poi chunks in world 'world_the_end' in 0.34s
[20:10:20] [Server thread/INFO]: [ChunkHolderManager] Waiting 60s for chunk I/O to halt for world 'world_the_end'
[20:10:20] [Server thread/INFO]: [ChunkHolderManager] Halted I/O scheduler for world 'world_the_end'
[20:10:20] [Server thread/INFO]: ThreadedAnvilChunkStorage (world): All chunks are saved
[20:10:20] [Server thread/INFO]: ThreadedAnvilChunkStorage (DIM-1): All chunks are saved
[20:10:20] [Server thread/INFO]: ThreadedAnvilChunkStorage (DIM1): All chunks are saved
[20:10:20] [Server thread/INFO]: ThreadedAnvilChunkStorage: All dimensions are saved
[20:10:20] [Server thread/INFO]: Waiting for I/O tasks to complete...
[20:10:20] [Server thread/INFO]: All I/O tasks to complete
[20:10:20] [Server thread/INFO]: [MoonriseCommon] Awaiting termination of worker pool for up to 60s...
[20:10:20] [Server thread/INFO]: [MoonriseCommon] Awaiting termination of I/O pool for up to 60s...
